This is pdfTeX, Version 3.141592653-2.6-1.40.27 (MiKTeX 25.3) (preloaded format=pdflatex 2025.9.8)  14 OCT 2025 13:39
entering extended mode
 restricted \write18 enabled.
 file:line:error style messages enabled.
 %&-line parsing enabled.
**"c:/Users/NTNS/OneDrive - Telenor/Documents/GitHub/Tyv-Regler/main.tex"
(c:/Users/NTNS/OneDrive - Telenor/Documents/GitHub/Tyv-Regler/main.tex
LaTeX2e <2024-11-01> patch level 2
L3 programming layer <2025-03-26>
(C:\Users\NTNS\AppData\Local\Programs\MiKTeX\tex/latex/base\report.cls
Document Class: report 2024/06/29 v1.4n Standard LaTeX document class
(C:\Users\NTNS\AppData\Local\Programs\MiKTeX\tex/latex/base\size11.clo
File: size11.clo 2024/06/29 v1.4n Standard LaTeX file (size option)
)
\c@part=\count197
\c@chapter=\count198
\c@section=\count199
\c@subsection=\count266
\c@subsubsection=\count267
\c@paragraph=\count268
\c@subparagraph=\count269
\c@figure=\count270
\c@table=\count271
\abovecaptionskip=\skip49
\belowcaptionskip=\skip50
\bibindent=\dimen146
) (../Evne-Ordbog/setup/preamble.tex (C:\Users\NTNS\AppData\Local\Programs\MiKTeX\tex/latex/base\inputenc.sty
Package: inputenc 2024/02/08 v1.3d Input encoding file
\inpenc@prehook=\toks17
\inpenc@posthook=\toks18
) (C:\Users\NTNS\AppData\Local\Programs\MiKTeX\tex/generic/babel\babel.sty
Package: babel 2025/03/27 v25.6 The multilingual framework for pdfLaTeX, LuaLaTeX and XeLaTeX
\babel@savecnt=\count272
\U@D=\dimen147
\l@unhyphenated=\language79
 (C:\Users\NTNS\AppData\Local\Programs\MiKTeX\tex/generic/babel\txtbabel.def)
\bbl@readstream=\read2
\bbl@dirlevel=\count273

*************************************
* Local config file bblopts.cfg used
*
(C:\Users\NTNS\AppData\Local\Programs\MiKTeX\tex/latex/arabi\bblopts.cfg
File: bblopts.cfg 2005/09/08 v0.1 add Arabic and Farsi to "declared" options of babel
) (C:\Users\NTNS\AppData\Local\Programs\MiKTeX\tex/latex/babel-english\english.ldf
Language: english 2017/06/06 v3.3r English support from the babel system
Package babel Info: Hyphen rules for 'canadian' set to \l@english
(babel)             (\language0). Reported on input line 102.
Package babel Info: Hyphen rules for 'australian' set to \l@ukenglish
(babel)             (\language73). Reported on input line 105.
Package babel Info: Hyphen rules for 'newzealand' set to \l@ukenglish
(babel)             (\language73). Reported on input line 108.
) (C:\Users\NTNS\AppData\Local\Programs\MiKTeX\tex/latex/babel-danish\danish.ldf
Language: danish 2021/02/06 v1.3s Danish support from the babel system
Package babel Info: Making " an active character on input line 82.
)) (C:\Users\NTNS\AppData\Local\Programs\MiKTeX\tex/generic/babel/locale/da\babel-danish.tex
Package babel Info: Importing font and identification data for danish
(babel)             from babel-da.ini. Reported on input line 11.
) (C:\Users\NTNS\AppData\Local\Programs\MiKTeX\tex/generic/babel/locale/en\babel-english.tex
Package babel Info: Importing font and identification data for english
(babel)             from babel-en.ini. Reported on input line 11.
) (C:\Users\NTNS\AppData\Local\Programs\MiKTeX\tex/latex/tcolorbox\tcolorbox.sty
Package: tcolorbox 2024/10/22 version 6.4.1 text color boxes
 (C:\Users\NTNS\AppData\Local\Programs\MiKTeX\tex/latex/pgf/frontendlayer\tikz.sty (C:\Users\NTNS\AppData\Local\Programs\MiKTeX\tex/latex/pgf/basiclayer\pgf.sty (C:\Users\NTNS\AppData\Local\Programs\MiKTeX\tex/latex/pgf/utilities\pgfrcs.sty (C:\Users\NTNS\AppData\Local\Programs\MiKTeX\tex/generic/pgf/utilities\pgfutil-common.tex
\pgfutil@everybye=\toks19
\pgfutil@tempdima=\dimen148
\pgfutil@tempdimb=\dimen149
) (C:\Users\NTNS\AppData\Local\Programs\MiKTeX\tex/generic/pgf/utilities\pgfutil-latex.def
\pgfutil@abb=\box53
) (C:\Users\NTNS\AppData\Local\Programs\MiKTeX\tex/generic/pgf/utilities\pgfrcs.code.tex (C:\Users\NTNS\AppData\Local\Programs\MiKTeX\tex/generic/pgf\pgf.revision.tex)
Package: pgfrcs 2023-01-15 v3.1.10 (3.1.10)
))
Package: pgf 2023-01-15 v3.1.10 (3.1.10)
 (C:\Users\NTNS\AppData\Local\Programs\MiKTeX\tex/latex/pgf/basiclayer\pgfcore.sty (C:\Users\NTNS\AppData\Local\Programs\MiKTeX\tex/latex/graphics\graphicx.sty
Package: graphicx 2021/09/16 v1.2d Enhanced LaTeX Graphics (DPC,SPQR)
 (C:\Users\NTNS\AppData\Local\Programs\MiKTeX\tex/latex/graphics\keyval.sty
Package: keyval 2022/05/29 v1.15 key=value parser (DPC)
\KV@toks@=\toks20
) (C:\Users\NTNS\AppData\Local\Programs\MiKTeX\tex/latex/graphics\graphics.sty
Package: graphics 2024/08/06 v1.4g Standard LaTeX Graphics (DPC,SPQR)
 (C:\Users\NTNS\AppData\Local\Programs\MiKTeX\tex/latex/graphics\trig.sty
Package: trig 2023/12/02 v1.11 sin cos tan (DPC)
) (C:\Users\NTNS\AppData\Local\Programs\MiKTeX\tex/latex/graphics-cfg\graphics.cfg
File: graphics.cfg 2016/06/04 v1.11 sample graphics configuration
)
Package graphics Info: Driver file: pdftex.def on input line 106.
 (C:\Users\NTNS\AppData\Local\Programs\MiKTeX\tex/latex/graphics-def\pdftex.def
File: pdftex.def 2024/04/13 v1.2c Graphics/color driver for pdftex
))
\Gin@req@height=\dimen150
\Gin@req@width=\dimen151
) (C:\Users\NTNS\AppData\Local\Programs\MiKTeX\tex/latex/pgf/systemlayer\pgfsys.sty (C:\Users\NTNS\AppData\Local\Programs\MiKTeX\tex/generic/pgf/systemlayer\pgfsys.code.tex
Package: pgfsys 2023-01-15 v3.1.10 (3.1.10)
 (C:\Users\NTNS\AppData\Local\Programs\MiKTeX\tex/generic/pgf/utilities\pgfkeys.code.tex
\pgfkeys@pathtoks=\toks21
\pgfkeys@temptoks=\toks22
 (C:\Users\NTNS\AppData\Local\Programs\MiKTeX\tex/generic/pgf/utilities\pgfkeyslibraryfiltered.code.tex
\pgfkeys@tmptoks=\toks23
))
\pgf@x=\dimen152
\pgf@y=\dimen153
\pgf@xa=\dimen154
\pgf@ya=\dimen155
\pgf@xb=\dimen156
\pgf@yb=\dimen157
\pgf@xc=\dimen158
\pgf@yc=\dimen159
\pgf@xd=\dimen160
\pgf@yd=\dimen161
\w@pgf@writea=\write3
\r@pgf@reada=\read3
\c@pgf@counta=\count274
\c@pgf@countb=\count275
\c@pgf@countc=\count276
\c@pgf@countd=\count277
\t@pgf@toka=\toks24
\t@pgf@tokb=\toks25
\t@pgf@tokc=\toks26
\pgf@sys@id@count=\count278
 (C:\Users\NTNS\AppData\Local\Programs\MiKTeX\tex/generic/pgf/systemlayer\pgf.cfg
File: pgf.cfg 2023-01-15 v3.1.10 (3.1.10)
)
Driver file for pgf: pgfsys-pdftex.def
 (C:\Users\NTNS\AppData\Local\Programs\MiKTeX\tex/generic/pgf/systemlayer\pgfsys-pdftex.def
File: pgfsys-pdftex.def 2023-01-15 v3.1.10 (3.1.10)
 (C:\Users\NTNS\AppData\Local\Programs\MiKTeX\tex/generic/pgf/systemlayer\pgfsys-common-pdf.def
File: pgfsys-common-pdf.def 2023-01-15 v3.1.10 (3.1.10)
))) (C:\Users\NTNS\AppData\Local\Programs\MiKTeX\tex/generic/pgf/systemlayer\pgfsyssoftpath.code.tex
File: pgfsyssoftpath.code.tex 2023-01-15 v3.1.10 (3.1.10)
\pgfsyssoftpath@smallbuffer@items=\count279
\pgfsyssoftpath@bigbuffer@items=\count280
) (C:\Users\NTNS\AppData\Local\Programs\MiKTeX\tex/generic/pgf/systemlayer\pgfsysprotocol.code.tex
File: pgfsysprotocol.code.tex 2023-01-15 v3.1.10 (3.1.10)
)) (C:\Users\NTNS\AppData\Local\Programs\MiKTeX\tex/latex/xcolor\xcolor.sty
Package: xcolor 2024/09/29 v3.02 LaTeX color extensions (UK)
 (C:\Users\NTNS\AppData\Local\Programs\MiKTeX\tex/latex/graphics-cfg\color.cfg
File: color.cfg 2016/01/02 v1.6 sample color configuration
)
Package xcolor Info: Driver file: pdftex.def on input line 274.
 (C:\Users\NTNS\AppData\Local\Programs\MiKTeX\tex/latex/graphics\mathcolor.ltx)
Package xcolor Info: Model `cmy' substituted by `cmy0' on input line 1349.
Package xcolor Info: Model `hsb' substituted by `rgb' on input line 1353.
Package xcolor Info: Model `RGB' extended on input line 1365.
Package xcolor Info: Model `HTML' substituted by `rgb' on input line 1367.
Package xcolor Info: Model `Hsb' substituted by `hsb' on input line 1368.
Package xcolor Info: Model `tHsb' substituted by `hsb' on input line 1369.
Package xcolor Info: Model `HSB' substituted by `hsb' on input line 1370.
Package xcolor Info: Model `Gray' substituted by `gray' on input line 1371.
Package xcolor Info: Model `wave' substituted by `hsb' on input line 1372.
) (C:\Users\NTNS\AppData\Local\Programs\MiKTeX\tex/generic/pgf/basiclayer\pgfcore.code.tex
Package: pgfcore 2023-01-15 v3.1.10 (3.1.10)
 (C:\Users\NTNS\AppData\Local\Programs\MiKTeX\tex/generic/pgf/math\pgfmath.code.tex (C:\Users\NTNS\AppData\Local\Programs\MiKTeX\tex/generic/pgf/math\pgfmathutil.code.tex) (C:\Users\NTNS\AppData\Local\Programs\MiKTeX\tex/generic/pgf/math\pgfmathparser.code.tex
\pgfmath@dimen=\dimen162
\pgfmath@count=\count281
\pgfmath@box=\box54
\pgfmath@toks=\toks27
\pgfmath@stack@operand=\toks28
\pgfmath@stack@operation=\toks29
) (C:\Users\NTNS\AppData\Local\Programs\MiKTeX\tex/generic/pgf/math\pgfmathfunctions.code.tex) (C:\Users\NTNS\AppData\Local\Programs\MiKTeX\tex/generic/pgf/math\pgfmathfunctions.basic.code.tex) (C:\Users\NTNS\AppData\Local\Programs\MiKTeX\tex/generic/pgf/math\pgfmathfunctions.trigonometric.code.tex) (C:\Users\NTNS\AppData\Local\Programs\MiKTeX\tex/generic/pgf/math\pgfmathfunctions.random.code.tex) (C:\Users\NTNS\AppData\Local\Programs\MiKTeX\tex/generic/pgf/math\pgfmathfunctions.comparison.code.tex) (C:\Users\NTNS\AppData\Local\Programs\MiKTeX\tex/generic/pgf/math\pgfmathfunctions.base.code.tex) (C:\Users\NTNS\AppData\Local\Programs\MiKTeX\tex/generic/pgf/math\pgfmathfunctions.round.code.tex) (C:\Users\NTNS\AppData\Local\Programs\MiKTeX\tex/generic/pgf/math\pgfmathfunctions.misc.code.tex) (C:\Users\NTNS\AppData\Local\Programs\MiKTeX\tex/generic/pgf/math\pgfmathfunctions.integerarithmetics.code.tex) (C:\Users\NTNS\AppData\Local\Programs\MiKTeX\tex/generic/pgf/math\pgfmathcalc.code.tex) (C:\Users\NTNS\AppData\Local\Programs\MiKTeX\tex/generic/pgf/math\pgfmathfloat.code.tex
\c@pgfmathroundto@lastzeros=\count282
)) (C:\Users\NTNS\AppData\Local\Programs\MiKTeX\tex/generic/pgf/math\pgfint.code.tex) (C:\Users\NTNS\AppData\Local\Programs\MiKTeX\tex/generic/pgf/basiclayer\pgfcorepoints.code.tex
File: pgfcorepoints.code.tex 2023-01-15 v3.1.10 (3.1.10)
\pgf@picminx=\dimen163
\pgf@picmaxx=\dimen164
\pgf@picminy=\dimen165
\pgf@picmaxy=\dimen166
\pgf@pathminx=\dimen167
\pgf@pathmaxx=\dimen168
\pgf@pathminy=\dimen169
\pgf@pathmaxy=\dimen170
\pgf@xx=\dimen171
\pgf@xy=\dimen172
\pgf@yx=\dimen173
\pgf@yy=\dimen174
\pgf@zx=\dimen175
\pgf@zy=\dimen176
) (C:\Users\NTNS\AppData\Local\Programs\MiKTeX\tex/generic/pgf/basiclayer\pgfcorepathconstruct.code.tex
File: pgfcorepathconstruct.code.tex 2023-01-15 v3.1.10 (3.1.10)
\pgf@path@lastx=\dimen177
\pgf@path@lasty=\dimen178
) (C:\Users\NTNS\AppData\Local\Programs\MiKTeX\tex/generic/pgf/basiclayer\pgfcorepathusage.code.tex
File: pgfcorepathusage.code.tex 2023-01-15 v3.1.10 (3.1.10)
\pgf@shorten@end@additional=\dimen179
\pgf@shorten@start@additional=\dimen180
) (C:\Users\NTNS\AppData\Local\Programs\MiKTeX\tex/generic/pgf/basiclayer\pgfcorescopes.code.tex
File: pgfcorescopes.code.tex 2023-01-15 v3.1.10 (3.1.10)
\pgfpic=\box55
\pgf@hbox=\box56
\pgf@layerbox@main=\box57
\pgf@picture@serial@count=\count283
) (C:\Users\NTNS\AppData\Local\Programs\MiKTeX\tex/generic/pgf/basiclayer\pgfcoregraphicstate.code.tex
File: pgfcoregraphicstate.code.tex 2023-01-15 v3.1.10 (3.1.10)
\pgflinewidth=\dimen181
) (C:\Users\NTNS\AppData\Local\Programs\MiKTeX\tex/generic/pgf/basiclayer\pgfcoretransformations.code.tex
File: pgfcoretransformations.code.tex 2023-01-15 v3.1.10 (3.1.10)
\pgf@pt@x=\dimen182
\pgf@pt@y=\dimen183
\pgf@pt@temp=\dimen184
) (C:\Users\NTNS\AppData\Local\Programs\MiKTeX\tex/generic/pgf/basiclayer\pgfcorequick.code.tex
File: pgfcorequick.code.tex 2023-01-15 v3.1.10 (3.1.10)
) (C:\Users\NTNS\AppData\Local\Programs\MiKTeX\tex/generic/pgf/basiclayer\pgfcoreobjects.code.tex
File: pgfcoreobjects.code.tex 2023-01-15 v3.1.10 (3.1.10)
) (C:\Users\NTNS\AppData\Local\Programs\MiKTeX\tex/generic/pgf/basiclayer\pgfcorepathprocessing.code.tex
File: pgfcorepathprocessing.code.tex 2023-01-15 v3.1.10 (3.1.10)
) (C:\Users\NTNS\AppData\Local\Programs\MiKTeX\tex/generic/pgf/basiclayer\pgfcorearrows.code.tex
File: pgfcorearrows.code.tex 2023-01-15 v3.1.10 (3.1.10)
\pgfarrowsep=\dimen185
) (C:\Users\NTNS\AppData\Local\Programs\MiKTeX\tex/generic/pgf/basiclayer\pgfcoreshade.code.tex
File: pgfcoreshade.code.tex 2023-01-15 v3.1.10 (3.1.10)
\pgf@max=\dimen186
\pgf@sys@shading@range@num=\count284
\pgf@shadingcount=\count285
) (C:\Users\NTNS\AppData\Local\Programs\MiKTeX\tex/generic/pgf/basiclayer\pgfcoreimage.code.tex
File: pgfcoreimage.code.tex 2023-01-15 v3.1.10 (3.1.10)
) (C:\Users\NTNS\AppData\Local\Programs\MiKTeX\tex/generic/pgf/basiclayer\pgfcoreexternal.code.tex
File: pgfcoreexternal.code.tex 2023-01-15 v3.1.10 (3.1.10)
\pgfexternal@startupbox=\box58
) (C:\Users\NTNS\AppData\Local\Programs\MiKTeX\tex/generic/pgf/basiclayer\pgfcorelayers.code.tex
File: pgfcorelayers.code.tex 2023-01-15 v3.1.10 (3.1.10)
) (C:\Users\NTNS\AppData\Local\Programs\MiKTeX\tex/generic/pgf/basiclayer\pgfcoretransparency.code.tex
File: pgfcoretransparency.code.tex 2023-01-15 v3.1.10 (3.1.10)
) (C:\Users\NTNS\AppData\Local\Programs\MiKTeX\tex/generic/pgf/basiclayer\pgfcorepatterns.code.tex
File: pgfcorepatterns.code.tex 2023-01-15 v3.1.10 (3.1.10)
) (C:\Users\NTNS\AppData\Local\Programs\MiKTeX\tex/generic/pgf/basiclayer\pgfcorerdf.code.tex
File: pgfcorerdf.code.tex 2023-01-15 v3.1.10 (3.1.10)
))) (C:\Users\NTNS\AppData\Local\Programs\MiKTeX\tex/generic/pgf/modules\pgfmoduleshapes.code.tex
File: pgfmoduleshapes.code.tex 2023-01-15 v3.1.10 (3.1.10)
\pgfnodeparttextbox=\box59
) (C:\Users\NTNS\AppData\Local\Programs\MiKTeX\tex/generic/pgf/modules\pgfmoduleplot.code.tex
File: pgfmoduleplot.code.tex 2023-01-15 v3.1.10 (3.1.10)
) (C:\Users\NTNS\AppData\Local\Programs\MiKTeX\tex/latex/pgf/compatibility\pgfcomp-version-0-65.sty
Package: pgfcomp-version-0-65 2023-01-15 v3.1.10 (3.1.10)
\pgf@nodesepstart=\dimen187
\pgf@nodesepend=\dimen188
) (C:\Users\NTNS\AppData\Local\Programs\MiKTeX\tex/latex/pgf/compatibility\pgfcomp-version-1-18.sty
Package: pgfcomp-version-1-18 2023-01-15 v3.1.10 (3.1.10)
)) (C:\Users\NTNS\AppData\Local\Programs\MiKTeX\tex/latex/pgf/utilities\pgffor.sty (C:\Users\NTNS\AppData\Local\Programs\MiKTeX\tex/latex/pgf/utilities\pgfkeys.sty (C:\Users\NTNS\AppData\Local\Programs\MiKTeX\tex/generic/pgf/utilities\pgfkeys.code.tex)) (C:\Users\NTNS\AppData\Local\Programs\MiKTeX\tex/latex/pgf/math\pgfmath.sty (C:\Users\NTNS\AppData\Local\Programs\MiKTeX\tex/generic/pgf/math\pgfmath.code.tex)) (C:\Users\NTNS\AppData\Local\Programs\MiKTeX\tex/generic/pgf/utilities\pgffor.code.tex
Package: pgffor 2023-01-15 v3.1.10 (3.1.10)
\pgffor@iter=\dimen189
\pgffor@skip=\dimen190
\pgffor@stack=\toks30
\pgffor@toks=\toks31
)) (C:\Users\NTNS\AppData\Local\Programs\MiKTeX\tex/generic/pgf/frontendlayer/tikz\tikz.code.tex
Package: tikz 2023-01-15 v3.1.10 (3.1.10)
 (C:\Users\NTNS\AppData\Local\Programs\MiKTeX\tex/generic/pgf/libraries\pgflibraryplothandlers.code.tex
File: pgflibraryplothandlers.code.tex 2023-01-15 v3.1.10 (3.1.10)
\pgf@plot@mark@count=\count286
\pgfplotmarksize=\dimen191
)
\tikz@lastx=\dimen192
\tikz@lasty=\dimen193
\tikz@lastxsaved=\dimen194
\tikz@lastysaved=\dimen195
\tikz@lastmovetox=\dimen196
\tikz@lastmovetoy=\dimen197
\tikzleveldistance=\dimen198
\tikzsiblingdistance=\dimen199
\tikz@figbox=\box60
\tikz@figbox@bg=\box61
\tikz@tempbox=\box62
\tikz@tempbox@bg=\box63
\tikztreelevel=\count287
\tikznumberofchildren=\count288
\tikznumberofcurrentchild=\count289
\tikz@fig@count=\count290
 (C:\Users\NTNS\AppData\Local\Programs\MiKTeX\tex/generic/pgf/modules\pgfmodulematrix.code.tex
File: pgfmodulematrix.code.tex 2023-01-15 v3.1.10 (3.1.10)
\pgfmatrixcurrentrow=\count291
\pgfmatrixcurrentcolumn=\count292
\pgf@matrix@numberofcolumns=\count293
)
\tikz@expandcount=\count294
 (C:\Users\NTNS\AppData\Local\Programs\MiKTeX\tex/generic/pgf/frontendlayer/tikz/libraries\tikzlibrarytopaths.code.tex
File: tikzlibrarytopaths.code.tex 2023-01-15 v3.1.10 (3.1.10)
))) (C:\Users\NTNS\AppData\Local\Programs\MiKTeX\tex/latex/tools\verbatim.sty
Package: verbatim 2024-01-22 v1.5x LaTeX2e package for verbatim enhancements
\every@verbatim=\toks32
\verbatim@line=\toks33
\verbatim@in@stream=\read4
) (C:\Users\NTNS\AppData\Local\Programs\MiKTeX\tex/latex/environ\environ.sty
Package: environ 2014/05/04 v0.3 A new way to define environments
 (C:\Users\NTNS\AppData\Local\Programs\MiKTeX\tex/latex/trimspaces\trimspaces.sty
Package: trimspaces 2009/09/17 v1.1 Trim spaces around a token list
)
\@envbody=\toks34
) (C:\Users\NTNS\AppData\Local\Programs\MiKTeX\tex/latex/etoolbox\etoolbox.sty
Package: etoolbox 2025/02/11 v2.5l e-TeX tools for LaTeX (JAW)
\etb@tempcnta=\count295
)
\tcb@titlebox=\box64
\tcb@upperbox=\box65
\tcb@lowerbox=\box66
\tcb@phantombox=\box67
\c@tcbbreakpart=\count296
\c@tcblayer=\count297
\c@tcolorbox@number=\count298
\l__tcobox_tmpa_box=\box68
\l__tcobox_tmpa_dim=\dimen256
\tcb@temp=\box69
\tcb@temp=\box70
\tcb@temp=\box71
\tcb@temp=\box72
 (C:\Users\NTNS\AppData\Local\Programs\MiKTeX\tex/latex/tcolorbox\tcbraster.code.tex
Library (tcolorbox): 'tcbraster.code.tex' version '6.4.1'
\c@tcbrastercolumn=\count299
\c@tcbrasterrow=\count300
\c@tcbrasternum=\count301
\c@tcbraster=\count302
) (C:\Users\NTNS\AppData\Local\Programs\MiKTeX\tex/latex/tcolorbox\tcbskins.code.tex
Library (tcolorbox): 'tcbskins.code.tex' version '6.4.1'
(C:\Users\NTNS\AppData\Local\Programs\MiKTeX\tex/latex/tikzfill\tikzfill.image.sty
Package: tikzfill.image 2023/08/08 v1.0.1 Image filling library for TikZ
 (C:\Users\NTNS\AppData\Local\Programs\MiKTeX\tex/latex/tikzfill\tikzfill-common.sty
Package: tikzfill-common 2023/08/08 v1.0.1 Auxiliary code for tikzfill
) (C:\Users\NTNS\AppData\Local\Programs\MiKTeX\tex/latex/tikzfill\tikzlibraryfill.image.code.tex
File: tikzlibraryfill.image.code.tex 2023/08/08 v1.0.1 Image filling library
\l__tikzfill_img_box=\box73
)) (C:\Users\NTNS\AppData\Local\Programs\MiKTeX\tex/latex/tcolorbox\tcbskinsjigsaw.code.tex
Library (tcolorbox): 'tcbskinsjigsaw.code.tex' version '6.4.1'
)) (C:\Users\NTNS\AppData\Local\Programs\MiKTeX\tex/latex/tcolorbox\tcbbreakable.code.tex
Library (tcolorbox): 'tcbbreakable.code.tex' version '6.4.1'
(C:\Users\NTNS\AppData\Local\Programs\MiKTeX\tex/latex/pdfcol\pdfcol.sty
Package: pdfcol 2022-09-21 v1.7 Handle new color stacks for pdfTeX (HO)
 (C:\Users\NTNS\AppData\Local\Programs\MiKTeX\tex/generic/ltxcmds\ltxcmds.sty
Package: ltxcmds 2023-12-04 v1.26 LaTeX kernel commands for general use (HO)
) (C:\Users\NTNS\AppData\Local\Programs\MiKTeX\tex/generic/infwarerr\infwarerr.sty
Package: infwarerr 2019/12/03 v1.5 Providing info/warning/error messages (HO)
) (C:\Users\NTNS\AppData\Local\Programs\MiKTeX\tex/generic/iftex\iftex.sty
Package: iftex 2024/12/12 v1.0g TeX engine tests
))
Package pdfcol Info: New color stack `tcb@breakable' = 1 on input line 23.
\tcb@testbox=\box74
\tcb@totalupperbox=\box75
\tcb@totallowerbox=\box76
) (C:\Users\NTNS\AppData\Local\Programs\MiKTeX\tex/latex/tcolorbox\tcbhooks.code.tex
Library (tcolorbox): 'tcbhooks.code.tex' version '6.4.1'
) (C:\Users\NTNS\AppData\Local\Programs\MiKTeX\tex/latex/tcolorbox\tcbtheorems.code.tex
Library (tcolorbox): 'tcbtheorems.code.tex' version '6.4.1'
(C:\Users\NTNS\AppData\Local\Programs\MiKTeX\tex/latex/amsmath\amsmath.sty
Package: amsmath 2024/11/05 v2.17t AMS math features
\@mathmargin=\skip51

For additional information on amsmath, use the `?' option.
(C:\Users\NTNS\AppData\Local\Programs\MiKTeX\tex/latex/amsmath\amstext.sty
Package: amstext 2021/08/26 v2.01 AMS text
 (C:\Users\NTNS\AppData\Local\Programs\MiKTeX\tex/latex/amsmath\amsgen.sty
File: amsgen.sty 1999/11/30 v2.0 generic functions
\@emptytoks=\toks35
\ex@=\dimen257
)) (C:\Users\NTNS\AppData\Local\Programs\MiKTeX\tex/latex/amsmath\amsbsy.sty
Package: amsbsy 1999/11/29 v1.2d Bold Symbols
\pmbraise@=\dimen258
) (C:\Users\NTNS\AppData\Local\Programs\MiKTeX\tex/latex/amsmath\amsopn.sty
Package: amsopn 2022/04/08 v2.04 operator names
)
\inf@bad=\count303
LaTeX Info: Redefining \frac on input line 233.
\uproot@=\count304
\leftroot@=\count305
LaTeX Info: Redefining \overline on input line 398.
LaTeX Info: Redefining \colon on input line 409.
\classnum@=\count306
\DOTSCASE@=\count307
LaTeX Info: Redefining \ldots on input line 495.
LaTeX Info: Redefining \dots on input line 498.
LaTeX Info: Redefining \cdots on input line 619.
\Mathstrutbox@=\box77
\strutbox@=\box78
LaTeX Info: Redefining \big on input line 721.
LaTeX Info: Redefining \Big on input line 722.
LaTeX Info: Redefining \bigg on input line 723.
LaTeX Info: Redefining \Bigg on input line 724.
\big@size=\dimen259
LaTeX Font Info:    Redeclaring font encoding OML on input line 742.
LaTeX Font Info:    Redeclaring font encoding OMS on input line 743.
\macc@depth=\count308
LaTeX Info: Redefining \bmod on input line 904.
LaTeX Info: Redefining \pmod on input line 909.
LaTeX Info: Redefining \smash on input line 939.
LaTeX Info: Redefining \relbar on input line 969.
LaTeX Info: Redefining \Relbar on input line 970.
\c@MaxMatrixCols=\count309
\dotsspace@=\muskip17
\c@parentequation=\count310
\dspbrk@lvl=\count311
\tag@help=\toks36
\row@=\count312
\column@=\count313
\maxfields@=\count314
\andhelp@=\toks37
\eqnshift@=\dimen260
\alignsep@=\dimen261
\tagshift@=\dimen262
\tagwidth@=\dimen263
\totwidth@=\dimen264
\lineht@=\dimen265
\@envbody=\toks38
\multlinegap=\skip52
\multlinetaggap=\skip53
\mathdisplay@stack=\toks39
LaTeX Info: Redefining \[ on input line 2953.
LaTeX Info: Redefining \] on input line 2954.
)) (C:\Users\NTNS\AppData\Local\Programs\MiKTeX\tex/latex/tcolorbox\tcbfitting.code.tex
Library (tcolorbox): 'tcbfitting.code.tex' version '6.4.1'
\tcbfitdim=\dimen266
\tcb@lowerfitdim=\dimen267
\tcb@upperfitdim=\dimen268
\tcb@cur@hbadness=\count315
) (C:\Users\NTNS\AppData\Local\Programs\MiKTeX\tex/latex/tcolorbox\tcblistingsutf8.code.tex
Library (tcolorbox): 'tcblistingsutf8.code.tex' version '6.4.1'
(C:\Users\NTNS\AppData\Local\Programs\MiKTeX\tex/latex/tcolorbox\tcblistings.code.tex
Library (tcolorbox): 'tcblistings.code.tex' version '6.4.1'
(C:\Users\NTNS\AppData\Local\Programs\MiKTeX\tex/latex/listings\listings.sty
\lst@mode=\count316
\lst@gtempboxa=\box79
\lst@token=\toks40
\lst@length=\count317
\lst@currlwidth=\dimen269
\lst@column=\count318
\lst@pos=\count319
\lst@lostspace=\dimen270
\lst@width=\dimen271
\lst@newlines=\count320
\lst@lineno=\count321
\lst@maxwidth=\dimen272
 (C:\Users\NTNS\AppData\Local\Programs\MiKTeX\tex/latex/listings\lstpatch.sty
File: lstpatch.sty 2024/09/23 1.10c (Carsten Heinz)
) (C:\Users\NTNS\AppData\Local\Programs\MiKTeX\tex/latex/listings\lstmisc.sty
File: lstmisc.sty 2024/09/23 1.10c (Carsten Heinz)
\c@lstnumber=\count322
\lst@skipnumbers=\count323
\lst@framebox=\box80
) (C:\Users\NTNS\AppData\Local\Programs\MiKTeX\tex/latex/listings\listings.cfg
File: listings.cfg 2024/09/23 1.10c listings configuration
))
Package: listings 2024/09/23 1.10c (Carsten Heinz)
 (C:\Users\NTNS\AppData\Local\Programs\MiKTeX\tex/latex/tcolorbox\tcblistingscore.code.tex
Library (tcolorbox): 'tcblistingscore.code.tex' version '6.4.1'
(C:\Users\NTNS\AppData\Local\Programs\MiKTeX\tex/latex/tcolorbox\tcbprocessing.code.tex
Library (tcolorbox): 'tcbprocessing.code.tex' version '6.4.1'
)
\c@tcblisting=\count324
)) (C:\Users\NTNS\AppData\Local\Programs\MiKTeX\tex/latex/listingsutf8\listingsutf8.sty
Package: listingsutf8 2019-12-10 v1.5 Allow UTF-8 in listings input (HO)
 (C:\Users\NTNS\AppData\Local\Programs\MiKTeX\tex/generic/pdftexcmds\pdftexcmds.sty
Package: pdftexcmds 2020-06-27 v0.33 Utility functions of pdfTeX for LuaTeX (HO)
Package pdftexcmds Info: \pdf@primitive is available.
Package pdftexcmds Info: \pdf@ifprimitive is available.
Package pdftexcmds Info: \pdfdraftmode found.
) (C:\Users\NTNS\AppData\Local\Programs\MiKTeX\tex/generic/stringenc\stringenc.sty
Package: stringenc 2019/11/29 v1.12 Convert strings between diff. encodings (HO)
 (C:\Users\NTNS\AppData\Local\Programs\MiKTeX\tex/generic/pdfescape\pdfescape.sty
Package: pdfescape 2019/12/09 v1.15 Implements pdfTeX's escape features (HO)
)))) (C:\Users\NTNS\AppData\Local\Programs\MiKTeX\tex/latex/tcolorbox\tcbexternal.code.tex
Library (tcolorbox): 'tcbexternal.code.tex' version '6.4.1'
) (C:\Users\NTNS\AppData\Local\Programs\MiKTeX\tex/latex/tcolorbox\tcbmagazine.code.tex
Library (tcolorbox): 'tcbmagazine.code.tex' version '6.4.1'
) (C:\Users\NTNS\AppData\Local\Programs\MiKTeX\tex/latex/tcolorbox\tcbvignette.code.tex
Library (tcolorbox): 'tcbvignette.code.tex' version '6.4.1'
(C:\Users\NTNS\AppData\Local\Programs\MiKTeX\tex/generic/pgf/frontendlayer/tikz/libraries\tikzlibraryfadings.code.tex
File: tikzlibraryfadings.code.tex 2023-01-15 v3.1.10 (3.1.10)
 (C:\Users\NTNS\AppData\Local\Programs\MiKTeX\tex/generic/pgf/libraries\pgflibraryfadings.code.tex
File: pgflibraryfadings.code.tex 2023-01-15 v3.1.10 (3.1.10)
))) (C:\Users\NTNS\AppData\Local\Programs\MiKTeX\tex/latex/tcolorbox\tcbposter.code.tex
Library (tcolorbox): 'tcbposter.code.tex' version '6.4.1'
)) (C:\Users\NTNS\AppData\Local\Programs\MiKTeX\tex/latex/psnfss\mathpazo.sty
Package: mathpazo 2020/03/25 PSNFSS-v9.3 Palatino w/ Pazo Math (D.Puga, WaS) 
\symupright=\mathgroup4
) (C:\Users\NTNS\AppData\Local\Programs\MiKTeX\tex/latex/base\fontenc.sty
Package: fontenc 2021/04/29 v2.0v Standard LaTeX package
LaTeX Font Info:    Trying to load font information for T1+pplx on input line 116.
 (C:\Users\NTNS\AppData\Local\Programs\MiKTeX\tex/latex/psnfss\t1pplx.fd
File: t1pplx.fd 2004/09/06 font definitions for T1/pplx.
)) (C:\Users\NTNS\AppData\Local\Programs\MiKTeX\tex/latex/graphics\dvipsnam.def
File: dvipsnam.def 2016/06/17 v3.0m Driver-dependent file (DPC,SPQR)
) (C:\Users\NTNS\AppData\Local\Programs\MiKTeX\tex/latex/float\float.sty
Package: float 2001/11/08 v1.3d Float enhancements (AL)
\c@float@type=\count325
\float@exts=\toks41
\float@box=\box81
\@float@everytoks=\toks42
\@floatcapt=\box82
) (C:\Users\NTNS\AppData\Local\Programs\MiKTeX\tex/latex/caption\caption.sty
Package: caption 2023/08/05 v3.6o Customizing captions (AR)
 (C:\Users\NTNS\AppData\Local\Programs\MiKTeX\tex/latex/caption\caption3.sty
Package: caption3 2023/07/31 v2.4d caption3 kernel (AR)
\caption@tempdima=\dimen273
\captionmargin=\dimen274
\caption@leftmargin=\dimen275
\caption@rightmargin=\dimen276
\caption@width=\dimen277
\caption@indent=\dimen278
\caption@parindent=\dimen279
\caption@hangindent=\dimen280
Package caption Info: Standard document class detected.
)
\c@caption@flags=\count326
\c@continuedfloat=\count327
Package caption Info: float package is loaded.
Package caption Info: listings package is loaded.
) (C:\Users\NTNS\AppData\Local\Programs\MiKTeX\tex/latex/tools\array.sty
Package: array 2024/10/17 v2.6g Tabular extension package (FMi)
\col@sep=\dimen281
\ar@mcellbox=\box83
\extrarowheight=\dimen282
\NC@list=\toks43
\extratabsurround=\skip54
\backup@length=\skip55
\ar@cellbox=\box84
) (C:\Users\NTNS\AppData\Local\Programs\MiKTeX\tex/latex/booktabs\booktabs.sty
Package: booktabs 2020/01/12 v1.61803398 Publication quality tables
\heavyrulewidth=\dimen283
\lightrulewidth=\dimen284
\cmidrulewidth=\dimen285
\belowrulesep=\dimen286
\belowbottomsep=\dimen287
\aboverulesep=\dimen288
\abovetopsep=\dimen289
\cmidrulesep=\dimen290
\cmidrulekern=\dimen291
\defaultaddspace=\dimen292
\@cmidla=\count328
\@cmidlb=\count329
\@aboverulesep=\dimen293
\@belowrulesep=\dimen294
\@thisruleclass=\count330
\@lastruleclass=\count331
\@thisrulewidth=\dimen295
) (C:\Users\NTNS\AppData\Local\Programs\MiKTeX\tex/latex/framed\framed.sty
Package: framed 2011/10/22 v 0.96: framed or shaded text with page breaks
\OuterFrameSep=\skip56
\fb@frw=\dimen296
\fb@frh=\dimen297
\FrameRule=\dimen298
\FrameSep=\dimen299
) (C:\Users\NTNS\AppData\Local\Programs\MiKTeX\tex/latex/wrapfig\wrapfig.sty
\wrapoverhang=\dimen300
\WF@size=\dimen301
\c@WF@wrappedlines=\count332
\WF@box=\box85
\WF@everypar=\toks44
Package: wrapfig 2003/01/31  v 3.6
) (C:\Users\NTNS\AppData\Local\Programs\MiKTeX\tex/latex/multirow\multirow.sty
Package: multirow 2024/11/12 v2.9 Span multiple rows of a table
\multirow@colwidth=\skip57
\multirow@cntb=\count333
\multirow@dima=\skip58
\bigstrutjot=\dimen302
) (C:\Users\NTNS\AppData\Local\Programs\MiKTeX\tex/latex/amsfonts\amssymb.sty
Package: amssymb 2013/01/14 v3.01 AMS font symbols
 (C:\Users\NTNS\AppData\Local\Programs\MiKTeX\tex/latex/amsfonts\amsfonts.sty
Package: amsfonts 2013/01/14 v3.01 Basic AMSFonts support
\symAMSa=\mathgroup5
\symAMSb=\mathgroup6
LaTeX Font Info:    Redeclaring math symbol \hbar on input line 98.
LaTeX Font Info:    Overwriting math alphabet `\mathfrak' in version `bold'
(Font)                  U/euf/m/n --> U/euf/b/n on input line 106.
)) (C:\Users\NTNS\AppData\Local\Programs\MiKTeX\tex/latex/ntheorem\ntheorem.sty
Style `ntheorem', Version 1.33 <2011/08/15>
Package: ntheorem 2011/08/15 1.33
(C:\Users\NTNS\AppData\Local\Programs\MiKTeX\tex/latex/base\ifthen.sty
Package: ifthen 2024/03/16 v1.1e Standard LaTeX ifthen package (DPC)
)
\theorem@style=\toks45
\theorem@@style=\toks46
\theorembodyfont=\toks47
\theoremnumbering=\toks48
\theorempreskipamount=\skip59
\theorempostskipamount=\skip60
\theoremframepreskipamount=\skip61
\theoremframepostskipamount=\skip62
\theoreminframepreskipamount=\skip63
\theoreminframepostskipamount=\skip64
\theorem@preskip=\toks49
\theorem@postskip=\toks50
\theorem@framepreskip=\toks51
\theorem@framepostskip=\toks52
\theorem@inframepreskip=\toks53
\theorem@inframepostskip=\toks54
\theoremindent=\dimen303
\theorem@indent=\dimen304
\theoremrightindent=\dimen305
\theorem@rightindent=\dimen306
\theoremheaderfont=\toks55
\theoremseparator=\toks56
\theoremprework=\toks57
\theorempostwork=\toks58
\theoremsymbol=\toks59
\qedsymbol=\toks60
\theoremkeyword=\toks61
\qedsymbol=\toks62
\thm@topsep=\skip65
\thm@topsepadd=\skip66
Package ntheorem Info: Option `thmmarks' loaded on input line 1175.
\c@endNonectr=\count334
\c@currNonectr=\count335
\mysavskip=\skip67
Package ntheorem Info: option `amsmath' handling for `thmmarks' loaded on input line 1175.
\thm@amstmpdepth=\dimen307
\tagwidth=\dimen308
\shadecolor=\toks63
) (C:\Users\NTNS\AppData\Local\Programs\MiKTeX\tex/latex/geometry\geometry.sty
Package: geometry 2020/01/02 v5.9 Page Geometry
 (C:\Users\NTNS\AppData\Local\Programs\MiKTeX\tex/generic/iftex\ifvtex.sty
Package: ifvtex 2019/10/25 v1.7 ifvtex legacy package. Use iftex instead.
)
\Gm@cnth=\count336
\Gm@cntv=\count337
\c@Gm@tempcnt=\count338
\Gm@bindingoffset=\dimen309
\Gm@wd@mp=\dimen310
\Gm@odd@mp=\dimen311
\Gm@even@mp=\dimen312
\Gm@layoutwidth=\dimen313
\Gm@layoutheight=\dimen314
\Gm@layouthoffset=\dimen315
\Gm@layoutvoffset=\dimen316
\Gm@dimlist=\toks64
 (C:\Users\NTNS\AppData\Local\Programs\MiKTeX\tex/latex/geometry\geometry.cfg)) (C:\Users\NTNS\AppData\Local\Programs\MiKTeX\tex/latex/titlesec\titlesec.sty
Package: titlesec 2025/01/04 v2.17 Sectioning titles
\ttl@box=\box86
\beforetitleunit=\skip68
\aftertitleunit=\skip69
\ttl@plus=\dimen317
\ttl@minus=\dimen318
\ttl@toksa=\toks65
\titlewidth=\dimen319
\titlewidthlast=\dimen320
\titlewidthfirst=\dimen321
) (C:\Users\NTNS\AppData\Local\Programs\MiKTeX\tex/latex/fancyhdr\fancyhdr.sty
Package: fancyhdr 2025/02/07 v5.2 Extensive control of page headers and footers
\f@nch@headwidth=\skip70
\f@nch@offset@elh=\skip71
\f@nch@offset@erh=\skip72
\f@nch@offset@olh=\skip73
\f@nch@offset@orh=\skip74
\f@nch@offset@elf=\skip75
\f@nch@offset@erf=\skip76
\f@nch@offset@olf=\skip77
\f@nch@offset@orf=\skip78
\f@nch@height=\skip79
\f@nch@footalignment=\skip80
\f@nch@widthL=\skip81
\f@nch@widthC=\skip82
\f@nch@widthR=\skip83
\@temptokenb=\toks66
) (C:\Users\NTNS\AppData\Local\Programs\MiKTeX\tex/latex/tools\calc.sty
Package: calc 2023/07/08 v4.3 Infix arithmetic (KKT,FJ)
\calc@Acount=\count339
\calc@Bcount=\count340
\calc@Adimen=\dimen322
\calc@Bdimen=\dimen323
\calc@Askip=\skip84
\calc@Bskip=\skip85
LaTeX Info: Redefining \setlength on input line 80.
LaTeX Info: Redefining \addtolength on input line 81.
\calc@Ccount=\count341
\calc@Cskip=\skip86
) (C:\Users\NTNS\AppData\Local\Programs\MiKTeX\tex/latex/tocbibind\tocbibind.sty
Package: tocbibind 2010/10/13 v1.5k extra ToC listings
Package tocbibind Info: The document has chapter divisions on input line 50.


Package tocbibind Note: Using chapter style headings, unless overridden.

) (C:\Users\NTNS\AppData\Local\Programs\MiKTeX\tex/latex/lastpage\lastpage.sty
Package: lastpage 2025/08/14 v2.1h lastpage: 2.09 or 2e? (HMM)
 (C:\Users\NTNS\AppData\Local\Programs\MiKTeX\tex/latex/lastpage\lastpage2e.sty
Package: lastpage2e 2025/08/14 v2.1h Decide which 2e lastpage version to use (HMM)
 (C:\Users\NTNS\AppData\Local\Programs\MiKTeX\tex/latex/lastpage\lastpagemodern.sty
Package: lastpagemodern 2025-08-14 v2.1h Refers to last page's name (HMM; JPG)
\c@lastpagecount=\count342
) 
)) (C:\Users\NTNS\AppData\Local\Programs\MiKTeX\tex/latex/todonotes\todonotes.sty
Package: todonotes 2024/01/05 v1.1.7 Todonotes source and documentation.
Package: todonotes 2024/01/05
 (C:\Users\NTNS\AppData\Local\Programs\MiKTeX\tex/latex/xkeyval\xkeyval.sty
Package: xkeyval 2022/06/16 v2.9 package option processing (HA)
 (C:\Users\NTNS\AppData\Local\Programs\MiKTeX\tex/generic/xkeyval\xkeyval.tex (C:\Users\NTNS\AppData\Local\Programs\MiKTeX\tex/generic/xkeyval\xkvutils.tex
\XKV@toks=\toks67
\XKV@tempa@toks=\toks68
)
\XKV@depth=\count343
File: xkeyval.tex 2014/12/03 v2.7a key=value parser (HA)
)) (C:\Users\NTNS\AppData\Local\Programs\MiKTeX\tex/generic/pgf/frontendlayer/tikz/libraries\tikzlibrarypositioning.code.tex
File: tikzlibrarypositioning.code.tex 2023-01-15 v3.1.10 (3.1.10)
)
\c@@todonotes@numberoftodonotes=\count344
) (C:\Users\NTNS\AppData\Local\Programs\MiKTeX\tex/latex/pdfpages\pdfpages.sty
Package: pdfpages 2025/07/23 v0.6g Insert pages of external PDF documents (AM)
 (C:\Users\NTNS\AppData\Local\Programs\MiKTeX\tex/latex/eso-pic\eso-pic.sty
Package: eso-pic 2023/05/03 v3.0c eso-pic (RN)
\ESO@tempdima=\dimen324
\ESO@tempdimb=\dimen325
)
\AM@pagewidth=\dimen326
\AM@pageheight=\dimen327
\AM@fboxrule=\dimen328
 (C:\Users\NTNS\AppData\Local\Programs\MiKTeX\tex/latex/pdfpages\pppdftex.def
File: pppdftex.def 2025/07/23 v0.6g Pdfpages driver for pdfTeX (AM)
)
\pdfpages@includegraphics@status=\count345
\AM@pagebox=\box87
\AM@global@opts=\toks69
\AM@pagecnt=\count346
\AM@toc@title=\toks70
\AM@lof@heading=\toks71
\c@AM@survey=\count347
\AM@templatesizebox=\box88
) (C:\Users\NTNS\AppData\Local\Programs\MiKTeX\tex/latex/subfig\subfig.sty
Package: subfig 2005/06/28 ver: 1.3 subfig package
\c@KVtest=\count348
\sf@farskip=\skip87
\sf@captopadj=\dimen329
\sf@capskip=\skip88
\sf@nearskip=\skip89
\c@subfigure=\count349
\c@subfigure@save=\count350
\c@lofdepth=\count351
\c@subtable=\count352
\c@subtable@save=\count353
\c@lotdepth=\count354
\sf@top=\skip90
\sf@bottom=\skip91
) (C:\Users\NTNS\AppData\Local\Programs\MiKTeX\tex/latex/listings\lstlang1.sty
File: lstlang1.sty 2024/09/23 1.10c listings language file
) (C:\Users\NTNS\AppData\Local\Programs\MiKTeX\tex/latex/csquotes\csquotes.sty
Package: csquotes 2024-04-04 v5.2o context-sensitive quotations (JAW)
\csq@reset=\count355
\csq@gtype=\count356
\csq@glevel=\count357
\csq@qlevel=\count358
\csq@maxlvl=\count359
\csq@tshold=\count360
\csq@ltx@everypar=\toks72
 (C:\Users\NTNS\AppData\Local\Programs\MiKTeX\tex/latex/csquotes\csquotes.def
File: csquotes.def 2024-04-04 v5.2o csquotes generic definitions (JAW)
)
Package csquotes Info: Trying to load configuration file 'csquotes.cfg'...
Package csquotes Info: ... configuration file loaded successfully.
 (C:\Users\NTNS\AppData\Local\Programs\MiKTeX\tex/latex/csquotes\csquotes.cfg
File: csquotes.cfg 
)) (C:\Users\NTNS\AppData\Local\Programs\MiKTeX\tex/latex/changepage\chngpage.sty
Package: chngpage 2009/10/20 v1.2b change page layout
\c@cp@cnt=\count361
\c@cp@tempcnt=\count362
) (C:\Users\NTNS\AppData\Local\Programs\MiKTeX\tex/latex/pdflscape\pdflscape.sty
Package: pdflscape 2022-10-27 v0.13 Display of landscape pages in PDF
 (C:\Users\NTNS\AppData\Local\Programs\MiKTeX\tex/latex/pdflscape\pdflscape-nometadata.sty
Package: pdflscape-nometadata 2022-10-28 v0.13 Display of landscape pages in PDF (HO)
 (C:\Users\NTNS\AppData\Local\Programs\MiKTeX\tex/latex/graphics\lscape.sty
Package: lscape 2020/05/28 v3.02 Landscape Pages (DPC)
)
Package pdflscape Info: Auto-detected driver: pdftex on input line 81.
)) (C:\Users\NTNS\AppData\Local\Programs\MiKTeX\tex/latex/tools\longtable.sty
Package: longtable 2024-10-27 v4.22 Multi-page Table package (DPC)
\LTleft=\skip92
\LTright=\skip93
\LTpre=\skip94
\LTpost=\skip95
\LTchunksize=\count363
\LTcapwidth=\dimen330
\LT@head=\box89
\LT@firsthead=\box90
\LT@foot=\box91
\LT@lastfoot=\box92
\LT@gbox=\box93
\LT@cols=\count364
\LT@rows=\count365
\c@LT@tables=\count366
\c@LT@chunks=\count367
\LT@p@ftn=\toks73
) (C:\Users\NTNS\AppData\Local\Programs\MiKTeX\tex/latex/makecell\makecell.sty
Package: makecell 2009/08/03 V0.1e Managing of Tab Column Heads and Cells
\rotheadsize=\dimen331
\c@nlinenum=\count368
\TeXr@lab=\toks74
) (C:\Users\NTNS\AppData\Local\Programs\MiKTeX\tex/latex/mdframed\mdframed.sty
Package: mdframed 2013/07/01 1.9b: mdframed
 (C:\Users\NTNS\AppData\Local\Programs\MiKTeX\tex/latex/kvoptions\kvoptions.sty
Package: kvoptions 2022-06-15 v3.15 Key value format for package options (HO)
 (C:\Users\NTNS\AppData\Local\Programs\MiKTeX\tex/latex/kvsetkeys\kvsetkeys.sty
Package: kvsetkeys 2022-10-05 v1.19 Key value parser (HO)
)) (C:\Users\NTNS\AppData\Local\Programs\MiKTeX\tex/latex/l3packages/xparse\xparse.sty (C:\Users\NTNS\AppData\Local\Programs\MiKTeX\tex/latex/l3kernel\expl3.sty
Package: expl3 2025-03-26 L3 programming layer (loader) 
 (C:\Users\NTNS\AppData\Local\Programs\MiKTeX\tex/latex/l3backend\l3backend-pdftex.def
File: l3backend-pdftex.def 2025-03-14 L3 backend support: PDF output (pdfTeX)
\l__color_backend_stack_int=\count369
))
Package: xparse 2024-08-16 L3 Experimental document command parser
) (C:\Users\NTNS\AppData\Local\Programs\MiKTeX\tex/latex/zref\zref-abspage.sty
Package: zref-abspage 2025-06-08 v2.36 Module abspage for zref (HO)
 (C:\Users\NTNS\AppData\Local\Programs\MiKTeX\tex/latex/zref\zref-base.sty
Package: zref-base 2025-06-08 v2.36 Module base for zref (HO)
 (C:\Users\NTNS\AppData\Local\Programs\MiKTeX\tex/generic/kvdefinekeys\kvdefinekeys.sty
Package: kvdefinekeys 2019-12-19 v1.6 Define keys (HO)
) (C:\Users\NTNS\AppData\Local\Programs\MiKTeX\tex/generic/etexcmds\etexcmds.sty
Package: etexcmds 2019/12/15 v1.7 Avoid name clashes with e-TeX commands (HO)
) (C:\Users\NTNS\AppData\Local\Programs\MiKTeX\tex/latex/auxhook\auxhook.sty
Package: auxhook 2019-12-17 v1.6 Hooks for auxiliary files (HO)
)
Package zref Info: New property list: main on input line 767.
Package zref Info: New property: default on input line 768.
Package zref Info: New property: page on input line 769.
)
\c@abspage=\count370
Package zref Info: New property: abspage on input line 67.
) (C:\Users\NTNS\AppData\Local\Programs\MiKTeX\tex/latex/needspace\needspace.sty
Package: needspace 2025/03/13 v1.3e reserve vertical space
)
\mdf@templength=\skip96
\c@mdf@globalstyle@cnt=\count371
\mdf@skipabove@length=\skip97
\mdf@skipbelow@length=\skip98
\mdf@leftmargin@length=\skip99
\mdf@rightmargin@length=\skip100
\mdf@innerleftmargin@length=\skip101
\mdf@innerrightmargin@length=\skip102
\mdf@innertopmargin@length=\skip103
\mdf@innerbottommargin@length=\skip104
\mdf@splittopskip@length=\skip105
\mdf@splitbottomskip@length=\skip106
\mdf@outermargin@length=\skip107
\mdf@innermargin@length=\skip108
\mdf@linewidth@length=\skip109
\mdf@innerlinewidth@length=\skip110
\mdf@middlelinewidth@length=\skip111
\mdf@outerlinewidth@length=\skip112
\mdf@roundcorner@length=\skip113
\mdf@footenotedistance@length=\skip114
\mdf@userdefinedwidth@length=\skip115
\mdf@needspace@length=\skip116
\mdf@frametitleaboveskip@length=\skip117
\mdf@frametitlebelowskip@length=\skip118
\mdf@frametitlerulewidth@length=\skip119
\mdf@frametitleleftmargin@length=\skip120
\mdf@frametitlerightmargin@length=\skip121
\mdf@shadowsize@length=\skip122
\mdf@extratopheight@length=\skip123
\mdf@subtitleabovelinewidth@length=\skip124
\mdf@subtitlebelowlinewidth@length=\skip125
\mdf@subtitleaboveskip@length=\skip126
\mdf@subtitlebelowskip@length=\skip127
\mdf@subtitleinneraboveskip@length=\skip128
\mdf@subtitleinnerbelowskip@length=\skip129
\mdf@subsubtitleabovelinewidth@length=\skip130
\mdf@subsubtitlebelowlinewidth@length=\skip131
\mdf@subsubtitleaboveskip@length=\skip132
\mdf@subsubtitlebelowskip@length=\skip133
\mdf@subsubtitleinneraboveskip@length=\skip134
\mdf@subsubtitleinnerbelowskip@length=\skip135
 (C:\Users\NTNS\AppData\Local\Programs\MiKTeX\tex/latex/mdframed\md-frame-0.mdf
File: md-frame-0.mdf 2013/07/01\ 1.9b: md-frame-0
)
\mdf@frametitlebox=\box94
\mdf@footnotebox=\box95
\mdf@splitbox@one=\box96
\mdf@splitbox@two=\box97
\mdf@splitbox@save=\box98
\mdfsplitboxwidth=\skip136
\mdfsplitboxtotalwidth=\skip137
\mdfsplitboxheight=\skip138
\mdfsplitboxdepth=\skip139
\mdfsplitboxtotalheight=\skip140
\mdfframetitleboxwidth=\skip141
\mdfframetitleboxtotalwidth=\skip142
\mdfframetitleboxheight=\skip143
\mdfframetitleboxdepth=\skip144
\mdfframetitleboxtotalheight=\skip145
\mdffootnoteboxwidth=\skip146
\mdffootnoteboxtotalwidth=\skip147
\mdffootnoteboxheight=\skip148
\mdffootnoteboxdepth=\skip149
\mdffootnoteboxtotalheight=\skip150
\mdftotallinewidth=\skip151
\mdfboundingboxwidth=\skip152
\mdfboundingboxtotalwidth=\skip153
\mdfboundingboxheight=\skip154
\mdfboundingboxdepth=\skip155
\mdfboundingboxtotalheight=\skip156
\mdf@freevspace@length=\skip157
\mdf@horizontalwidthofbox@length=\skip158
\mdf@verticalmarginwhole@length=\skip159
\mdf@horizontalspaceofbox=\skip160
\mdfsubtitleheight=\skip161
\mdfsubsubtitleheight=\skip162
\c@mdfcountframes=\count372

****** mdframed patching \endmdf@trivlist

****** -- failed******

\mdf@envdepth=\count373
\c@mdf@env@i=\count374
\c@mdf@env@ii=\count375
\c@mdf@zref@counter=\count376
Package zref Info: New property: mdf@pagevalue on input line 895.
) (C:\Users\NTNS\AppData\Local\Programs\MiKTeX\tex/latex/csvsimple\csvsimple.sty
Package: csvsimple 2024/09/27 v2.7.0 LaTeX CSV file processing
) (C:\Users\NTNS\AppData\Local\Programs\MiKTeX\tex/latex/csvsimple\csvsimple-legacy.sty
Package: csvsimple-legacy 2024/09/27 version 2.7.0 LaTeX2e CSV file processing
 (C:\Users\NTNS\AppData\Local\Programs\MiKTeX\tex/latex/tools\shellesc.sty
Package: shellesc 2023/07/08 v1.0d unified shell escape interface for LaTeX
Package shellesc Info: Restricted shell escape enabled on input line 77.
)
\csv@file=\read5
\c@csvinputline=\count377
\c@csvrow=\count378
\c@csvcol=\count379
\csv@out=\write4
) (C:\Users\NTNS\AppData\Local\Programs\MiKTeX\tex/generic/pgf/frontendlayer/tikz/libraries\tikzlibrarymatrix.code.tex
File: tikzlibrarymatrix.code.tex 2023-01-15 v3.1.10 (3.1.10)
) (C:\Users\NTNS\AppData\Local\Programs\MiKTeX\tex/latex/ulem\ulem.sty
\UL@box=\box99
\UL@hyphenbox=\box100
\UL@skip=\skip163
\UL@hook=\toks75
\UL@height=\dimen332
\UL@pe=\count380
\UL@pixel=\dimen333
\ULC@box=\box101
Package: ulem 2019/11/18
\ULdepth=\dimen334
)
\c@drik=\count381
\c@særlig=\count382
\c@gift=\count383
\c@artefakt=\count384
\c@runerustning=\count385
\c@runevåben=\count386
\c@runeskjold=\count387
 (C:\Users\NTNS\AppData\Local\Programs\MiKTeX\tex/latex/tablefootnote\tablefootnote.sty
Package: tablefootnote 2014/01/26 v1.1c Table foot notes (HMM)
 (C:\Users\NTNS\AppData\Local\Programs\MiKTeX\tex/latex/letltxmacro\letltxmacro.sty
Package: letltxmacro 2019/12/03 v1.6 Let assignment for LaTeX macros (HO)
) (C:\Users\NTNS\AppData\Local\Programs\MiKTeX\tex/latex/xifthen\xifthen.sty
Package: xifthen 2015/11/05 v1.4.0 Extended ifthen features
 (C:\Users\NTNS\AppData\Local\Programs\MiKTeX\tex/latex/ifmtarg\ifmtarg.sty
Package: ifmtarg 2018/04/16 v1.2b check for an empty argument
)))
\c@meditation=\count388
\c@rite=\count389
\c@orleks arv=\count390
\c@dHævn=\count391
\c@ritual=\count392
\c@åndens gave=\count393
\c@nBeskyt=\count394
\c@nly=\count395
\c@nvit=\count396
\c@mkær=\count397
\c@nhævn=\count398
\c@nkaos=\count399
\c@nbesk=\count400
\c@primærMagi=\count401
\c@lærdMagi=\count402
\c@arkBaneMagi=\count403
\c@mesterMagi=\count404
\c@lærmagi=\count405
\c@sAritMagi=\count406
 (C:\Users\NTNS\AppData\Local\Programs\MiKTeX\tex/latex/base\fontenc.sty
Package: fontenc 2021/04/29 v2.0v Standard LaTeX package
)
\c@race=\count407
\c@sjæl=\count408
\c@korruption=\count409
\c@falden=\count410
\c@vand=\count411
\c@ild=\count412
\c@jord=\count413
\c@vind=\count414
\c@passiv=\count415
\c@offensiv=\count416
\c@defensiv=\count417
\c@kontrol=\count418
\c@zombie=\count419
\c@nSjæl=\count420
\c@sygdom=\count421
\c@død=\count422
)
\c@prof=\count423
 (../Evne-Ordbog/setup/hyphenations.tex) (../Evne-Ordbog/setup/macros.tex
\c@currexactr=\count424
\c@endexactr=\count425
\c@exa=\count426
) (C:\Users\NTNS\AppData\Local\Programs\MiKTeX\tex/latex/colortbl\colortbl.sty
Package: colortbl 2024/10/29 v1.0k Color table columns (DPC)
\everycr=\toks76
\minrowclearance=\skip164
\rownum=\count427
)

Package array Warning: Redefining primitive column b on input line 9.

(C:\Users\NTNS\AppData\Local\Programs\MiKTeX\tex/latex/hyperref\hyperref.sty
Package: hyperref 2024-11-05 v7.01l Hypertext links for LaTeX
 (C:\Users\NTNS\AppData\Local\Programs\MiKTeX\tex/latex/hycolor\hycolor.sty
Package: hycolor 2020-01-27 v1.10 Color options for hyperref/bookmark (HO)
) (C:\Users\NTNS\AppData\Local\Programs\MiKTeX\tex/latex/hyperref\nameref.sty
Package: nameref 2023-11-26 v2.56 Cross-referencing by name of section
 (C:\Users\NTNS\AppData\Local\Programs\MiKTeX\tex/latex/refcount\refcount.sty
Package: refcount 2019/12/15 v3.6 Data extraction from label references (HO)
) (C:\Users\NTNS\AppData\Local\Programs\MiKTeX\tex/generic/gettitlestring\gettitlestring.sty
Package: gettitlestring 2019/12/15 v1.6 Cleanup title references (HO)
)
\c@section@level=\count428
)
\@linkdim=\dimen335
\Hy@linkcounter=\count429
\Hy@pagecounter=\count430
 (C:\Users\NTNS\AppData\Local\Programs\MiKTeX\tex/latex/hyperref\pd1enc.def
File: pd1enc.def 2024-11-05 v7.01l Hyperref: PDFDocEncoding definition (HO)
Now handling font encoding PD1 ...
... no UTF-8 mapping file for font encoding PD1
) (C:\Users\NTNS\AppData\Local\Programs\MiKTeX\tex/generic/intcalc\intcalc.sty
Package: intcalc 2019/12/15 v1.3 Expandable calculations with integers (HO)
)
\Hy@SavedSpaceFactor=\count431
 (C:\Users\NTNS\AppData\Local\Programs\MiKTeX\tex/latex/hyperref\puenc.def
File: puenc.def 2024-11-05 v7.01l Hyperref: PDF Unicode definition (HO)
Now handling font encoding PU ...
... no UTF-8 mapping file for font encoding PU
)
Package hyperref Info: Hyper figures OFF on input line 4157.
Package hyperref Info: Link nesting OFF on input line 4162.
Package hyperref Info: Hyper index ON on input line 4165.
Package hyperref Info: Plain pages OFF on input line 4172.
Package hyperref Info: Backreferencing OFF on input line 4177.
Package hyperref Info: Implicit mode ON; LaTeX internals redefined.
Package hyperref Info: Bookmarks ON on input line 4424.
\c@Hy@tempcnt=\count432
 (C:\Users\NTNS\AppData\Local\Programs\MiKTeX\tex/latex/url\url.sty
\Urlmuskip=\muskip18
Package: url 2013/09/16  ver 3.4  Verb mode for urls, etc.
)
LaTeX Info: Redefining \url on input line 4763.
\XeTeXLinkMargin=\dimen336
 (C:\Users\NTNS\AppData\Local\Programs\MiKTeX\tex/generic/bitset\bitset.sty
Package: bitset 2019/12/09 v1.3 Handle bit-vector datatype (HO)
 (C:\Users\NTNS\AppData\Local\Programs\MiKTeX\tex/generic/bigintcalc\bigintcalc.sty
Package: bigintcalc 2019/12/15 v1.5 Expandable calculations on big integers (HO)
))
\Fld@menulength=\count433
\Field@Width=\dimen337
\Fld@charsize=\dimen338
Package hyperref Info: Hyper figures OFF on input line 6042.
Package hyperref Info: Link nesting OFF on input line 6047.
Package hyperref Info: Hyper index ON on input line 6050.
Package hyperref Info: backreferencing OFF on input line 6057.
Package hyperref Info: Link coloring OFF on input line 6062.
Package hyperref Info: Link coloring with OCG OFF on input line 6067.
Package hyperref Info: PDF/A mode OFF on input line 6072.
 (C:\Users\NTNS\AppData\Local\Programs\MiKTeX\tex/latex/base\atbegshi-ltx.sty
Package: atbegshi-ltx 2021/01/10 v1.0c Emulation of the original atbegshi
package with kernel methods
)
\Hy@abspage=\count434
\c@Item=\count435
\c@Hfootnote=\count436
)
Package hyperref Info: Driver (autodetected): hpdftex.
 (C:\Users\NTNS\AppData\Local\Programs\MiKTeX\tex/latex/hyperref\hpdftex.def
File: hpdftex.def 2024-11-05 v7.01l Hyperref driver for pdfTeX
 (C:\Users\NTNS\AppData\Local\Programs\MiKTeX\tex/latex/base\atveryend-ltx.sty
Package: atveryend-ltx 2020/08/19 v1.0a Emulation of the original atveryend package
with kernel methods
)
\HyAnn@Count=\count437
\Fld@listcount=\count438
\c@bookmark@seq@number=\count439
 (C:\Users\NTNS\AppData\Local\Programs\MiKTeX\tex/latex/rerunfilecheck\rerunfilecheck.sty
Package: rerunfilecheck 2025-06-21 v1.11 Rerun checks for auxiliary files (HO)
 (C:\Users\NTNS\AppData\Local\Programs\MiKTeX\tex/generic/uniquecounter\uniquecounter.sty
Package: uniquecounter 2019/12/15 v1.4 Provide unlimited unique counter (HO)
)
Package uniquecounter Info: New unique counter `rerunfilecheck' on input line 284.
)
\Hy@SectionHShift=\skip165
)
Package hyperref Info: Option `plainpages' set `false' on input line 28.
Package hyperref Info: Option `bookmarksnumbered' set `true' on input line 28.
Package hyperref Info: Option `colorlinks' set `true' on input line 28.
Package hyperref Info: Option `bookmarksopen' set `true' on input line 28.
 (C:\Users\NTNS\AppData\Local\Programs\MiKTeX\tex/latex/stmaryrd\stmaryrd.sty
Package: stmaryrd 1994/03/03 St Mary's Road symbol package
\symstmry=\mathgroup7
LaTeX Font Info:    Overwriting symbol font `stmry' in version `bold'
(Font)                  U/stmry/m/n --> U/stmry/b/n on input line 89.
)
Package csquotes Info: Checking for multilingual support...
Package csquotes Info: ... found 'babel' package.
Package csquotes Info: Adjusting default style.
Package csquotes Info: Redefining alias 'default' -> 'danish'.
 (main.aux
Package babel Info: 'danish' activates 'danish' shorthands.
(babel)             Reported  on input line 9.
)
\openout1 = `main.aux'.

LaTeX Font Info:    Checking defaults for OML/cmm/m/it on input line 31.
LaTeX Font Info:    ... okay on input line 31.
LaTeX Font Info:    Checking defaults for OMS/cmsy/m/n on input line 31.
LaTeX Font Info:    ... okay on input line 31.
LaTeX Font Info:    Checking defaults for OT1/cmr/m/n on input line 31.
LaTeX Font Info:    ... okay on input line 31.
LaTeX Font Info:    Checking defaults for T1/cmr/m/n on input line 31.
LaTeX Font Info:    ... okay on input line 31.
LaTeX Font Info:    Checking defaults for TS1/cmr/m/n on input line 31.
LaTeX Font Info:    ... okay on input line 31.
LaTeX Font Info:    Checking defaults for OMX/cmex/m/n on input line 31.
LaTeX Font Info:    ... okay on input line 31.
LaTeX Font Info:    Checking defaults for U/cmr/m/n on input line 31.
LaTeX Font Info:    ... okay on input line 31.
LaTeX Font Info:    Checking defaults for PD1/pdf/m/n on input line 31.
LaTeX Font Info:    ... okay on input line 31.
LaTeX Font Info:    Checking defaults for PU/pdf/m/n on input line 31.
LaTeX Font Info:    ... okay on input line 31.
 (C:\Users\NTNS\AppData\Local\Programs\MiKTeX\tex/context/base/mkii\supp-pdf.mkii
[Loading MPS to PDF converter (version 2006.09.02).]
\scratchcounter=\count440
\scratchdimen=\dimen339
\scratchbox=\box102
\nofMPsegments=\count441
\nofMParguments=\count442
\everyMPshowfont=\toks77
\MPscratchCnt=\count443
\MPscratchDim=\dimen340
\MPnumerator=\count444
\makeMPintoPDFobject=\count445
\everyMPtoPDFconversion=\toks78
) (C:\Users\NTNS\AppData\Local\Programs\MiKTeX\tex/latex/epstopdf-pkg\epstopdf-base.sty
Package: epstopdf-base 2020-01-24 v2.11 Base part for package epstopdf
Package epstopdf-base Info: Redefining graphics rule for `.eps' on input line 485.
 (C:\Users\NTNS\AppData\Local\Programs\MiKTeX\tex/latex/00miktex\epstopdf-sys.cfg
File: epstopdf-sys.cfg 2021/03/18 v2.0 Configuration of epstopdf for MiKTeX
))
\c@lstlisting=\count446
Package caption Info: Begin \AtBeginDocument code.
Package caption Info: subfig package v1.3 is loaded.
Package caption Info: hyperref package is loaded.
Package caption Info: longtable package is loaded.
 (C:\Users\NTNS\AppData\Local\Programs\MiKTeX\tex/latex/caption\ltcaption.sty
Package: ltcaption 2021/01/08 v1.4c longtable captions (AR)
)
Package caption Info: wrapfig package is loaded.
Package caption Info: End \AtBeginDocument code.

*geometry* driver: auto-detecting
*geometry* detected driver: pdftex
*geometry* verbose mode - [ preamble ] result:
* driver: pdftex
* paper: a4paper
* layout: <same size as paper>
* layoutoffset:(h,v)=(0.0pt,0.0pt)
* modes: 
* h-part:(L,W,R)=(85.35826pt, 426.79135pt, 85.35826pt)
* v-part:(T,H,B)=(101.40665pt, 591.5302pt, 152.11pt)
* \paperwidth=597.50787pt
* \paperheight=845.04684pt
* \textwidth=426.79135pt
* \textheight=591.5302pt
* \oddsidemargin=13.08827pt
* \evensidemargin=13.08827pt
* \topmargin=-7.86334pt
* \headheight=13.59999pt
* \headsep=25.0pt
* \topskip=11.0pt
* \footskip=30.0pt
* \marginparwidth=50.0pt
* \marginparsep=10.0pt
* \columnsep=10.0pt
* \skip\footins=10.0pt plus 4.0pt minus 2.0pt
* \hoffset=0.0pt
* \voffset=0.0pt
* \mag=1000
* \@twocolumnfalse
* \@twosidefalse
* \@mparswitchfalse
* \@reversemarginfalse
* (1in=72.27pt=25.4mm, 1cm=28.453pt)


Package todonotes Warning: The length marginparwidth is less than 2cm and will most likely cause issues with the appearance of inserted todonotes. The issue can be solved by adding a line like \setlength {\marginparwidth }{2cm} prior to loading the todonotes package. on input line 31.

Package hyperref Info: Link coloring ON on input line 31.
(main.out) (main.out)
\@outlinefile=\write5
\openout5 = `main.out'.

<setup/Pictures/A01.C01.01_Front_Billede.png, id=243, 10037.5pt x 2762.32pt>
File: setup/Pictures/A01.C01.01_Front_Billede.png Graphic file (type png)
<use setup/Pictures/A01.C01.01_Front_Billede.png>
Package pdftex.def Info: setup/Pictures/A01.C01.01_Front_Billede.png  used on input line 34.
(pdftex.def)             Requested size: 405.45047pt x 111.56987pt.


[1

{C:/Users/NTNS/AppData/Local/MiKTeX/fonts/map/pdftex/pdftex.map}{C:/Users/NTNS/AppData/Local/Programs/MiKTeX/fonts/enc/dvips/base/8r.enc} <./setup/Pictures/A01.C01.01_Front_Billede.png>] (main.toc
LaTeX Font Info:    Trying to load font information for OT1+pplx on input line 4.
 (C:\Users\NTNS\AppData\Local\Programs\MiKTeX\tex/latex/psnfss\ot1pplx.fd
File: ot1pplx.fd 2004/09/06 font definitions for OT1/pplx.
)
LaTeX Font Info:    Trying to load font information for OML+zplm on input line 4.
 (C:\Users\NTNS\AppData\Local\Programs\MiKTeX\tex/latex/psnfss\omlzplm.fd
File: omlzplm.fd 2002/09/08 Fontinst v1.914 font definitions for OML/zplm.
)
LaTeX Font Info:    Trying to load font information for OMS+zplm on input line 4.
 (C:\Users\NTNS\AppData\Local\Programs\MiKTeX\tex/latex/psnfss\omszplm.fd
File: omszplm.fd 2002/09/08 Fontinst v1.914 font definitions for OMS/zplm.
)
LaTeX Font Info:    Trying to load font information for OMX+zplm on input line 4.
 (C:\Users\NTNS\AppData\Local\Programs\MiKTeX\tex/latex/psnfss\omxzplm.fd
File: omxzplm.fd 2002/09/08 Fontinst v1.914 font definitions for OMX/zplm.
)
LaTeX Font Info:    Trying to load font information for OT1+zplm on input line 4.
 (C:\Users\NTNS\AppData\Local\Programs\MiKTeX\tex/latex/psnfss\ot1zplm.fd
File: ot1zplm.fd 2002/09/08 Fontinst v1.914 font definitions for OT1/zplm.
)
LaTeX Font Info:    Font shape `U/msa/m/n' will be
(Font)              scaled to size 11.40997pt on input line 4.
LaTeX Font Info:    Font shape `U/msa/m/n' will be
(Font)              scaled to size 8.33606pt on input line 4.
LaTeX Font Info:    Font shape `U/msa/m/n' will be
(Font)              scaled to size 6.25204pt on input line 4.
LaTeX Font Info:    Font shape `U/msb/m/n' will be
(Font)              scaled to size 11.40997pt on input line 4.
LaTeX Font Info:    Font shape `U/msb/m/n' will be
(Font)              scaled to size 8.33606pt on input line 4.
LaTeX Font Info:    Font shape `U/msb/m/n' will be
(Font)              scaled to size 6.25204pt on input line 4.
LaTeX Font Info:    Trying to load font information for U+stmry on input line 4.
 (C:\Users\NTNS\AppData\Local\Programs\MiKTeX\tex/latex/stmaryrd\ustmry.fd)


pdfTeX warning (ext4): destination with the same identifier (name{page.1}) has been already used, duplicate ignored
<to be read again> 
                   \relax 
l.20 ...ection}{Magisk Tortur}{10}{subsection*.16}
                                                  % [1


]

[2])
\tf@toc=\write6
\openout6 = `main.toc'.

 (mainstuff/Indledning.tex

[3]
Kapitel 1.

Underfull \hbox (badness 10000) in paragraph at lines 3--6

 []


Underfull \hbox (badness 10000) in paragraph at lines 7--11

 []

) (mainstuff/Niv1.tex

[4


]
Kapitel 2.

Underfull \hbox (badness 10000) in paragraph at lines 19--21

 []

(../Evne-Ordbog/Indkomst.tex
LaTeX Font Info:    Font shape `U/msa/m/n' will be
(Font)              scaled to size 9.37807pt on input line 2.
LaTeX Font Info:    Font shape `U/msa/m/n' will be
(Font)              scaled to size 7.29405pt on input line 2.
LaTeX Font Info:    Font shape `U/msa/m/n' will be
(Font)              scaled to size 5.21004pt on input line 2.
LaTeX Font Info:    Font shape `U/msb/m/n' will be
(Font)              scaled to size 9.37807pt on input line 2.
LaTeX Font Info:    Font shape `U/msb/m/n' will be
(Font)              scaled to size 7.29405pt on input line 2.
LaTeX Font Info:    Font shape `U/msb/m/n' will be
(Font)              scaled to size 5.21004pt on input line 2.
) (../Evne-Ordbog/Lommetyveri/Lommetyveri Niv. 1.tex)

[5


] (../Evne-Ordbog/Torturens Vidunder.tex)) (mainstuff/Niv2.tex
Underfull \hbox (badness 10000) in paragraph at lines 3--1

 []



[6]
Kapitel 3.

Underfull \hbox (badness 10000) in paragraph at lines 18--20

 []

(../Evne-Ordbog/Ekstra NK/Ekstra NK Niv. 1.tex)
Underfull \hbox (badness 10000) in paragraph at lines 2--22

 []

(../Evne-Ordbog/Lommetyveri/Lommetyveri Niv. 2.tex)
Underfull \hbox (badness 10000) in paragraph at lines 3--24

 []



[7


]) (mainstuff/Niv3.tex

[8]
Kapitel 4.
(../Evne-Ordbog/Påfør gift.tex)
Underfull \hbox (badness 10000) in paragraph at lines 2--17

 []

(../Evne-Ordbog/Smidighed.tex)
Underfull \hbox (badness 10000) in paragraph at lines 2--19

 []



[9


] (../Evne-Ordbog/Snigmord Niv. 1.tex)
Underfull \hbox (badness 10000) in paragraph at lines 3--21

 []

) (mainstuff/Niv4.tex

[10]
Kapitel 5.

Underfull \hbox (badness 10000) in paragraph at lines 6--7

 []


Underfull \hbox (badness 10000) in paragraph at lines 8--9

 []


Underfull \hbox (badness 10000) in paragraph at lines 10--11

 []


Overfull \hbox (24.3805pt too wide) in paragraph at lines 12--25
[][] 
 []


Underfull \hbox (badness 10000) in paragraph at lines 29--31

 []



[11


]
Underfull \hbox (badness 10000) in paragraph at lines 33--34

 []


Underfull \hbox (badness 10000) in paragraph at lines 36--38

 []


Underfull \hbox (badness 10000) in paragraph at lines 46--48

 []



[12]
Underfull \hbox (badness 10000) in paragraph at lines 50--51

 []


Underfull \hbox (badness 10000) in paragraph at lines 53--55

 []

) (../Evne-Ordbog/GenerelleEvner/GenerelleEvnerIngenMagiKampMedTohånds.tex
Underfull \hbox (badness 10000) in paragraph at lines 57--1

 []



[13] (../Evne-Ordbog/GenerelleEvner/Evner/6SansNiv1.tex)
Underfull \hbox (badness 10000) in paragraph at lines 2--34

 []

(../Evne-Ordbog/GenerelleEvner/Evner/6SansNiv2.tex)
Underfull \hbox (badness 10000) in paragraph at lines 2--36

 []



[14


] (../Evne-Ordbog/GenerelleEvner/Evner/Bonk.tex)
Underfull \hbox (badness 10000) in paragraph at lines 2--38

 []

(../Evne-Ordbog/GenerelleEvner/Evner/Brug af pistol.tex)
Underfull \hbox (badness 10000) in paragraph at lines 2--40

 []

(../Evne-Ordbog/GenerelleEvner/Evner/Bære Person.tex)
Underfull \hbox (badness 10000) in paragraph at lines 2--42

 []

(../Evne-Ordbog/GenerelleEvner/Evner/Kamp Med Tohåndsvåben.tex)
Underfull \hbox (badness 10000) in paragraph at lines 2--44

 []

(../Evne-Ordbog/GenerelleEvner/Evner/Førstehjælp.tex

[15]) (../Evne-Ordbog/GenerelleEvner/Evner/Læse og skrive.tex)
Underfull \hbox (badness 10000) in paragraph at lines 2--48

 []

(../Evne-Ordbog/GenerelleEvner/Evner/Minearbejder.tex) (../Evne-Ordbog/GenerelleEvner/Evner/Påfør Gift.tex) (../Evne-Ordbog/GenerelleEvner/Evner/Slagsbror Niv 1.tex) (../Evne-Ordbog/GenerelleEvner/Evner/Slagsbror Niv 2.tex

[16]) (../Evne-Ordbog/GenerelleEvner/Evner/Slagsbror Niv 3.tex) (../Evne-Ordbog/GenerelleEvner/Evner/Speciale.tex
Underfull \hbox (badness 10000) in paragraph at lines 3--4

 []


Underfull \hbox (badness 10000) in paragraph at lines 7--8

 []

) (../Evne-Ordbog/GenerelleEvner/Evner/Urtesamler.tex)) (../Evne-Ordbog/Drikke.tex

[17]

[18]
Kapitel 6.
LaTeX Font Info:    Trying to load font information for TS1+pplx on input line 7.
(C:\Users\NTNS\AppData\Local\Programs\MiKTeX\tex/latex/psnfss\ts1pplx.fd
File: ts1pplx.fd 2004/09/06 font definitions for TS1/pplx.
)
Underfull \hbox (badness 10000) in paragraph at lines 15--23

 []


Underfull \hbox (badness 10000) in paragraph at lines 15--23

 []


Underfull \hbox (badness 10000) in paragraph at lines 15--23

 []


Underfull \hbox (badness 10000) in paragraph at lines 15--23

 []



[19


]

[20]
Kapitel 7.


[21


]
Kapitel 8.

Overfull \hbox (19.72469pt too wide) in alignment at lines 49--53
 [] [] [] [] [] 
 []


Overfull \hbox (19.72469pt too wide) in alignment at lines 53--56
 [] [] [] [] [] 
 []


Underfull \hbox (badness 10000) in paragraph at lines 58--58
\T1/pplx/m/n/10.95 gen-vin-der hur-ti-ge-re
 []


Underfull \hbox (badness 10000) in paragraph at lines 58--58
[]|\T1/pplx/m/n/10.95 Nyttig
 []


Underfull \hbox (badness 2126) in paragraph at lines 60--60
[]|\T1/pplx/m/n/10.95 En al-min-de-lig rod som
 []


Underfull \hbox (badness 1281) in paragraph at lines 60--60
\T1/pplx/m/n/10.95 man-ge ko-ger sup-pe p.
 []


Underfull \hbox (badness 2608) in paragraph at lines 60--60
\T1/pplx/m/n/10.95 uen-de-li-ge slet-ter bru-ger
 []


Underfull \hbox (badness 6157) in paragraph at lines 60--60
[]|\T1/pplx/m/n/10.95 Denne rod hjl-per
 []


Underfull \hbox (badness 10000) in paragraph at lines 60--60
[]|\T1/pplx/m/n/10.95 Nyttig
 []


Underfull \hbox (badness 1052) in paragraph at lines 62--62
[]|\T1/pplx/m/n/10.95 Folk der spi-ser den
 []


Underfull \hbox (badness 10000) in paragraph at lines 62--62
[]|\T1/pplx/m/n/10.95 Giftig
 []


Underfull \hbox (badness 10000) in paragraph at lines 64--64
[]|\T1/pplx/m/n/10.95 Nyttig
 []


Underfull \hbox (badness 10000) in paragraph at lines 66--66
[]|\T1/pplx/m/n/10.95 Giftig
 []


Underfull \hbox (badness 3333) in paragraph at lines 68--68
[]|\T1/pplx/m/n/10.95 Denne bark sam-les fra
 []


Underfull \hbox (badness 10000) in paragraph at lines 68--68
[]|\T1/pplx/m/n/10.95 Giftig
 []


Underfull \hbox (badness 2197) in paragraph at lines 70--70
[]|\T1/pplx/m/n/10.95 Denne plan-te me-nes at
 []


Underfull \hbox (badness 1377) in paragraph at lines 70--70
[]|\T1/pplx/m/n/10.95 Denne rod for-tt-ter
 []


Underfull \hbox (badness 10000) in paragraph at lines 70--70
[]|\T1/pplx/m/n/10.95 Nyttig
 []


Underfull \hbox (badness 1365) in paragraph at lines 72--72
\T1/pplx/m/n/10.95 nor-malt vok-ser om-kring
 []


Underfull \hbox (badness 1383) in paragraph at lines 72--72
[]|\T1/pplx/m/n/10.95 Denne plan-te er en
 []


Underfull \hbox (badness 10000) in paragraph at lines 72--72
[]|\T1/pplx/m/n/10.95 Nyttig
 []


Underfull \hbox (badness 1132) in paragraph at lines 74--74
[]|\T1/pplx/m/n/10.95 Sm fr fra en prg-tig
 []


Underfull \hbox (badness 10000) in paragraph at lines 74--74
[]|\T1/pplx/m/n/10.95 Giftig
 []


Underfull \hbox (badness 10000) in paragraph at lines 76--76
[]|\T1/pplx/m/n/10.95 Nyttig
 []


Underfull \hbox (badness 10000) in paragraph at lines 78--78
[]|\T1/pplx/m/n/10.95 Sort flue-
 []


Underfull \hbox (badness 5878) in paragraph at lines 78--78
\T1/pplx/m/n/10.95 op-str nr Ils-her blod
 []


Underfull \hbox (badness 10000) in paragraph at lines 78--78
[]|\T1/pplx/m/n/10.95 Der fin-des in-gen
 []


Underfull \hbox (badness 10000) in paragraph at lines 78--78
\T1/pplx/m/n/10.95 kend-te ar-ter som
 []


Underfull \hbox (badness 10000) in paragraph at lines 78--78
[]|\T1/pplx/m/n/10.95 Giftig
 []


Overfull \hbox (19.72469pt too wide) in alignment at lines 56--80
 [] [] [] [] [] 
 []

[22


])
\tf@thm=\write7
\openout7 = `main.thm'.



[23] 
enddocument/afterlastpage (AED): lastpage setting LastPage.
(main.aux)
 ***********
LaTeX2e <2024-11-01> patch level 2
L3 programming layer <2025-03-26>
 ***********
Package rerunfilecheck Info: File `main.out' has not changed.
(rerunfilecheck)             Checksum: 11AA21B50C9E27D2DD52C0FFFF80AE18;6839.
 ) 
Here is how much of TeX's memory you used:
 37040 strings out of 469959
 739270 string characters out of 5470319
 1186104 words of memory out of 5000000
 62921 multiletter control sequences out of 15000+600000
 682411 words of font info for 134 fonts, out of 8000000 for 9000
 1146 hyphenation exceptions out of 8191
 121i,17n,124p,928b,729s stack positions out of 10000i,1000n,20000p,200000b,200000s
<C:/Users/NTNS/AppData/Local/Programs/MiKTeX/fonts/type1/urw/palatino/uplb8a.pfb><C:/Users/NTNS/AppData/Local/Programs/MiKTeX/fonts/type1/urw/palatino/uplr8a.pfb><C:/Users/NTNS/AppData/Local/Programs/MiKTeX/fonts/type1/urw/palatino/uplri8a.pfb>
Output written on main.pdf (24 pages, 4250001 bytes).
PDF statistics:
 452 PDF objects out of 1000 (max. 8388607)
 84 named destinations out of 1000 (max. 500000)
 570 words of extra memory for PDF output out of 10000 (max. 10000000)

