\BOOKMARK [0][]{chapter*.2}{\376\377\000I\000n\000d\000l\000e\000d\000n\000i\000n\000g}{}% 1
\BOOKMARK [0][]{chapter.1}{\376\377\0001\000\040\000N\000i\000v\000e\000a\000u\000\040\0001}{}% 2
\BOOKMARK [1][]{section*.4}{\376\377\000E\000v\000n\000e\000\040\000b\000e\000s\000k\000r\000i\000v\000e\000l\000s\000e}{chapter.1}% 3
\BOOKMARK [2][]{subsection*.5}{\376\377\000D\000i\000r\000k\000e\000\040\000l\000\345\000s\000e\000\040\000N\000i\000v\000.\000\040\0001}{section*.4}% 4
\BOOKMARK [2][]{subsection*.6}{\376\377\000I\000n\000d\000k\000o\000m\000s\000t}{section*.4}% 5
\BOOKMARK [2][]{subsection*.7}{\376\377\000L\000o\000m\000m\000e\000t\000y\000v\000e\000r\000i\000\040\000N\000i\000v\000.\000\040\0001}{section*.4}% 6
\BOOKMARK [0][]{chapter.2}{\376\377\0002\000\040\000N\000i\000v\000e\000a\000u\000\040\0002}{}% 7
\BOOKMARK [1][]{section*.9}{\376\377\000E\000v\000n\000e\000\040\000b\000e\000s\000k\000r\000i\000v\000e\000l\000s\000e}{chapter.2}% 8
\BOOKMARK [2][]{subsection*.10}{\376\377\000D\000i\000r\000k\000e\000\040\000l\000\345\000s\000e\000\040\000N\000i\000v\000.\000\040\0002}{section*.9}% 9
\BOOKMARK [2][]{subsection*.11}{\376\377\000E\000k\000s\000t\000r\000a\000\040\000N\000K\000\040\000N\000i\000v\000.\000\040\0001}{section*.9}% 10
\BOOKMARK [2][]{subsection*.11}{\376\377\000L\000o\000m\000m\000e\000t\000y\000v\000e\000r\000i\000\040\000N\000i\000v\000.\000\040\0002}{section*.9}% 11
\BOOKMARK [2][]{subsection*.11}{\376\377\000T\000o\000r\000t\000u\000r\000e\000n\000s\000\040\000v\000i\000d\000u\000n\000d\000e\000r}{section*.9}% 12
\BOOKMARK [0][]{chapter.3}{\376\377\0003\000\040\000N\000i\000v\000e\000a\000u\000\040\0003}{}% 13
\BOOKMARK [1][]{section*.13}{\376\377\000E\000v\000n\000e\000\040\000b\000e\000s\000k\000r\000i\000v\000e\000l\000s\000e}{chapter.3}% 14
\BOOKMARK [2][]{subsection*.14}{\376\377\000K\000e\000m\000i\000s\000k\000\040\000v\000\345\000b\000e\000n}{section*.13}% 15
\BOOKMARK [2][]{subsection*.14}{\376\377\000S\000m\000i\000d\000i\000g\000h\000e\000d}{section*.13}% 16
\BOOKMARK [2][]{subsection*.14}{\376\377\000S\000n\000i\000g\000m\000o\000r\000d\000\040\000N\000i\000v\000.\000\040\0001}{section*.13}% 17
\BOOKMARK [0][]{chapter.4}{\376\377\0004\000\040\000N\000i\000v\000e\000a\000u\000\040\0004}{}% 18
\BOOKMARK [1][]{section*.15}{\376\377\000E\000v\000n\000e\000\040\000b\000e\000s\000k\000r\000i\000v\000e\000l\000s\000e\000\040\000f\000o\000r\000\040\000S\000n\000i\000g\000m\000o\000r\000d\000e\000r}{chapter.4}% 19
\BOOKMARK [2][]{subsection*.16}{\376\377\000A\000l\000k\000y\000m\000i\000\040\000N\000i\000v\000.\000\040\0001\000\040\000\046\000\040\0002}{section*.15}% 20
\BOOKMARK [2][]{subsection*.17}{\376\377\000A\000l\000k\000y\000m\000i\000\040\000N\000i\000v\000.\000\040\0001}{section*.15}% 21
\BOOKMARK [2][]{subsection*.19}{\376\377\000A\000l\000k\000y\000m\000i\000\040\000N\000i\000v\000.\000\040\0002}{section*.15}% 22
\BOOKMARK [2][]{subsection*.21}{\376\377\000L\000e\000j\000e\000k\000o\000n\000t\000r\000a\000k\000t}{section*.15}% 23
\BOOKMARK [2][]{subsection*.22}{\376\377\000M\000e\000s\000t\000e\000r\000b\000u\000e\000s\000k\000y\000t\000t\000e}{section*.15}% 24
\BOOKMARK [2][]{subsection*.23}{\376\377\000S\000n\000i\000g\000m\000o\000r\000d\000\040\000N\000i\000v\000.\000\040\0002}{section*.15}% 25
\BOOKMARK [1][]{section*.24}{\376\377\000E\000v\000n\000e\000\040\000b\000e\000s\000k\000r\000i\000v\000e\000l\000s\000e\000\040\000f\000o\000r\000\040\000M\000e\000s\000t\000e\000r\000t\000y\000v}{chapter.4}% 26
\BOOKMARK [2][]{subsection*.25}{\376\377\000D\000i\000r\000k\000e\000\040\000l\000\345\000s\000e\000\040\000N\000i\000v\000.\000\040\0003}{section*.24}% 27
\BOOKMARK [2][]{subsection*.26}{\376\377\000H\000u\000r\000t\000i\000g\000e\000\040\000f\000i\000n\000g\000r\000e}{section*.24}% 28
\BOOKMARK [2][]{subsection*.27}{\376\377\000L\000a\000n\000g\000e\000\040\000f\000i\000n\000g\000r\000e}{section*.24}% 29
\BOOKMARK [2][]{subsection*.28}{\376\377\000L\000o\000m\000m\000e\000t\000y\000v\000e\000r\000i\000\040\000N\000i\000v\000.\000\040\0003}{section*.24}% 30
\BOOKMARK [0][]{chapter*.29}{\376\377\000G\000e\000n\000e\000r\000e\000l\000l\000e\000\040\000e\000v\000n\000e\000r}{}% 31
\BOOKMARK [1][]{table.caption.30}{\376\377\000E\000v\000n\000e\000\040\000b\000e\000s\000k\000r\000i\000v\000e\000l\000s\000e}{chapter*.29}% 32
\BOOKMARK [2][]{subsection*.31}{\376\377\0006\000.\000\040\000s\000a\000n\000s\000\040\000N\000i\000v\000.\000\040\0001}{table.caption.30}% 33
\BOOKMARK [2][]{subsection*.32}{\376\377\0006\000.\000\040\000s\000a\000n\000s\000\040\000N\000i\000v\000.\000\040\0002}{table.caption.30}% 34
\BOOKMARK [2][]{subsection*.33}{\376\377\000B\000o\000n\000k}{table.caption.30}% 35
\BOOKMARK [2][]{subsection*.34}{\376\377\000B\000r\000u\000g\000\040\000a\000f\000\040\000p\000i\000s\000t\000o\000l}{table.caption.30}% 36
\BOOKMARK [2][]{subsection*.35}{\376\377\000B\000\346\000r\000e\000\040\000p\000e\000r\000s\000o\000n}{table.caption.30}% 37
\BOOKMARK [2][]{subsection*.36}{\376\377\000K\000a\000m\000p\000\040\000m\000e\000d\000\040\000t\000o\000h\000\345\000n\000d\000s\000v\000\345\000b\000e\000n}{table.caption.30}% 38
\BOOKMARK [2][]{subsection*.37}{\376\377\000F\000\370\000r\000s\000t\000e\000h\000j\000\346\000l\000p}{table.caption.30}% 39
\BOOKMARK [2][]{subsection*.38}{\376\377\000L\000\346\000s\000e\000\040\000o\000g\000\040\000s\000k\000r\000i\000v\000e}{table.caption.30}% 40
\BOOKMARK [2][]{subsection*.39}{\376\377\000M\000i\000n\000e\000a\000r\000b\000e\000j\000d\000e\000r}{table.caption.30}% 41
\BOOKMARK [2][]{subsection*.40}{\376\377\000P\000\345\000f\000\370\000r\000\040\000g\000i\000f\000t}{table.caption.30}% 42
\BOOKMARK [2][]{subsection*.41}{\376\377\000S\000l\000a\000g\000s\000b\000r\000o\000r\000\040\000N\000i\000v\000.\000\040\0001}{table.caption.30}% 43
\BOOKMARK [2][]{subsection*.42}{\376\377\000S\000l\000a\000g\000s\000b\000r\000o\000r\000\040\000N\000i\000v\000.\000\040\0002}{table.caption.30}% 44
\BOOKMARK [2][]{subsection*.43}{\376\377\000S\000l\000a\000g\000s\000b\000r\000o\000r\000\040\000N\000i\000v\000.\000\040\0002}{table.caption.30}% 45
\BOOKMARK [2][]{subsection*.44}{\376\377\000S\000p\000e\000c\000i\000a\000l\000e}{table.caption.30}% 46
\BOOKMARK [2][]{subsection*.45}{\376\377\000U\000r\000t\000e\000s\000a\000m\000l\000e\000r}{table.caption.30}% 47
\BOOKMARK [0][]{chapter.5}{\376\377\0005\000\040\000D\000r\000i\000k\000k\000e}{}% 48
\BOOKMARK [1][]{section*.46}{\376\377\000H\000v\000o\000r\000d\000a\000n\000\040\000m\000a\000n\000\040\000b\000r\000y\000g\000g\000e\000r}{chapter.5}% 49
\BOOKMARK [0][]{chapter.6}{\376\377\0006\000\040\000O\000p\000s\000k\000r\000i\000f\000t\000e\000r}{}% 50
\BOOKMARK [0][]{chapter.7}{\376\377\0007\000\040\000I\000n\000g\000r\000e\000d\000i\000e\000n\000s\000e\000r}{}% 51
